[debug] [2023-11-27T22:09:22.842Z] ----------------------------------------------------------------------
[debug] [2023-11-27T22:09:22.845Z] Command:       C:\Program Files\nodejs\node.exe C:\Users\ma3932\AppData\Roaming\npm\node_modules\firebase-tools\lib\bin\firebase.js login:add
[debug] [2023-11-27T22:09:22.845Z] CLI Version:   9.13.0
[debug] [2023-11-27T22:09:22.845Z] Platform:      win32
[debug] [2023-11-27T22:09:22.845Z] Node Version:  v10.24.1
[debug] [2023-11-27T22:09:22.846Z] Time:          Mon Nov 27 2023 15:09:22 GMT-0700 (Mountain Standard Time)
[debug] [2023-11-27T22:09:22.846Z] ----------------------------------------------------------------------
[debug] 
[debug] [2023-11-27T22:09:22.850Z] >>> [apiv2][query] GET https://firebase-public.firebaseio.com/cli.json [none]
[error] 
[error] Error: No existing accounts found, please run "firebase login" to add your first account
[debug] [2023-11-27T22:09:38.514Z] ----------------------------------------------------------------------
[debug] [2023-11-27T22:09:38.517Z] Command:       C:\Program Files\nodejs\node.exe C:\Users\ma3932\AppData\Roaming\npm\node_modules\firebase-tools\lib\bin\firebase.js login
[debug] [2023-11-27T22:09:38.517Z] CLI Version:   9.13.0
[debug] [2023-11-27T22:09:38.517Z] Platform:      win32
[debug] [2023-11-27T22:09:38.517Z] Node Version:  v10.24.1
[debug] [2023-11-27T22:09:38.518Z] Time:          Mon Nov 27 2023 15:09:38 GMT-0700 (Mountain Standard Time)
[debug] [2023-11-27T22:09:38.518Z] ----------------------------------------------------------------------
[debug] 
[debug] [2023-11-27T22:09:38.522Z] >>> [apiv2][query] GET https://firebase-public.firebaseio.com/cli.json [none]
[info] i  Firebase optionally collects CLI usage and error reporting information to help improve our products. Data is collected in accordance with Google's privacy policy (https://policies.google.com/privacy) and is not used to identify you.
 
